[2024/03/05 22:26:25.673] - Starting server with initial configuration: {"gasLimit":6900000000000000,"gasPrice":20000000000,"hardfork":"merge","hostname":"127.0.0.1","port":7545,"network_id":5777,"default_balance_ether":500000000000000000000,"total_accounts":10,"unlocked_accounts":[],"locked":false,"vmErrorsOnRPCResponse":true,"verbose":false,"flavor":"ethereum","db_path":"C:\\Users\\Nitish\\AppData\\Roaming\\Ganache\\ui\\workspaces\\aquatic-stitch\\chaindata","mnemonic":"regular space stuff scheme frost among alley father idle small salt filter","logDirectory":"D:\\Mega\\Mega\\ArtGuardian\\Logs"}
[2024/03/05 22:26:26.129] - eth_getCode
[2024/03/05 22:26:26.131] - eth_subscribe
[2024/03/05 22:26:26.132] - eth_getLogs
[2024/03/05 22:26:26.134] - eth_subscribe
[2024/03/05 22:26:26.162] - eth_getCode
[2024/03/05 22:26:26.483] - eth_subscribe
[2024/03/05 22:26:26.484] - eth_getLogs
[2024/03/05 22:26:26.484] - eth_subscribe
[2024/03/05 22:26:26.733] - eth_blockNumber
[2024/03/05 22:26:26.736] - eth_accounts
[2024/03/05 22:26:26.737] - eth_gasPrice
[2024/03/05 22:26:26.738] - eth_getBlockByNumber
[2024/03/05 22:26:26.738] - eth_subscribe
[2024/03/05 22:26:26.741] - eth_blockNumber
[2024/03/05 22:26:26.741] - eth_accounts
[2024/03/05 22:26:26.742] - eth_gasPrice
[2024/03/05 22:26:26.742] - eth_getBlockByNumber
[2024/03/05 22:26:26.742] - eth_subscribe
[2024/03/05 22:26:27.042] - eth_getBalance
[2024/03/05 22:26:27.068] - eth_getTransactionCount
[2024/03/05 22:26:27.094] - eth_getBalance
[2024/03/05 22:26:27.124] - eth_getTransactionCount
[2024/03/05 22:26:27.143] - eth_getBalance
[2024/03/05 22:26:27.172] - eth_getTransactionCount
[2024/03/05 22:26:27.192] - eth_getBalance
[2024/03/05 22:26:27.212] - eth_getTransactionCount
[2024/03/05 22:26:27.236] - eth_getBalance
[2024/03/05 22:26:27.260] - eth_getTransactionCount
[2024/03/05 22:26:27.281] - eth_getBalance
[2024/03/05 22:26:27.303] - eth_getTransactionCount
[2024/03/05 22:26:27.329] - eth_getBalance
[2024/03/05 22:26:27.353] - eth_getTransactionCount
[2024/03/05 22:26:27.379] - eth_getBalance
[2024/03/05 22:26:27.398] - eth_getTransactionCount
[2024/03/05 22:26:27.421] - eth_getBalance
[2024/03/05 22:26:27.444] - eth_getTransactionCount
[2024/03/05 22:26:27.468] - eth_getBalance
[2024/03/05 22:26:27.492] - eth_getTransactionCount
[2024/03/05 22:26:27.510] - eth_getBalance
[2024/03/05 22:26:27.531] - eth_getTransactionCount
[2024/03/05 22:26:27.551] - eth_getBalance
[2024/03/05 22:26:27.573] - eth_getTransactionCount
[2024/03/05 22:26:27.601] - eth_getBalance
[2024/03/05 22:26:27.623] - eth_getTransactionCount
[2024/03/05 22:26:27.647] - eth_getBalance
[2024/03/05 22:26:27.671] - eth_getTransactionCount
[2024/03/05 22:26:27.692] - eth_getBalance
[2024/03/05 22:26:27.712] - eth_getTransactionCount
[2024/03/05 22:26:27.732] - eth_getBalance
[2024/03/05 22:26:27.750] - eth_getTransactionCount
[2024/03/05 22:26:27.769] - eth_getBalance
[2024/03/05 22:26:27.789] - eth_getTransactionCount
[2024/03/05 22:26:27.809] - eth_getBalance
[2024/03/05 22:26:27.829] - eth_getTransactionCount
[2024/03/05 22:26:27.847] - eth_getBalance
[2024/03/05 22:26:27.865] - eth_getTransactionCount
[2024/03/05 22:26:27.886] - eth_getBalance
[2024/03/05 22:26:27.909] - eth_getTransactionCount
[2024/03/05 22:26:27.930] - eth_getBalance
[2024/03/05 22:26:27.950] - eth_getTransactionCount
[2024/03/05 22:26:27.967] - eth_getBalance
[2024/03/05 22:26:27.991] - eth_getTransactionCount
[2024/03/05 22:26:28.008] - eth_getBalance
[2024/03/05 22:26:28.027] - eth_getTransactionCount
[2024/03/05 22:26:28.049] - eth_getBalance
[2024/03/05 22:26:28.064] - eth_getTransactionCount
[2024/03/05 22:26:28.085] - eth_getBalance
[2024/03/05 22:26:28.107] - eth_getTransactionCount
[2024/03/05 22:26:28.127] - eth_getBalance
[2024/03/05 22:26:28.153] - eth_getTransactionCount
[2024/03/05 22:26:28.173] - eth_getBalance
[2024/03/05 22:26:28.198] - eth_getTransactionCount
[2024/03/05 22:26:28.220] - eth_getBalance
[2024/03/05 22:26:28.249] - eth_getTransactionCount
[2024/03/05 22:26:28.271] - eth_getBalance
[2024/03/05 22:26:28.293] - eth_getTransactionCount
[2024/03/05 22:26:28.314] - eth_getBalance
[2024/03/05 22:26:28.335] - eth_getTransactionCount
[2024/03/05 22:26:28.355] - eth_getBalance
[2024/03/05 22:26:28.378] - eth_getTransactionCount
[2024/03/05 22:26:28.401] - eth_getBalance
[2024/03/05 22:26:28.420] - eth_getTransactionCount
[2024/03/05 22:26:28.447] - eth_getBalance
[2024/03/05 22:26:28.474] - eth_getTransactionCount
[2024/03/05 22:26:28.497] - eth_getBalance
[2024/03/05 22:26:28.520] - eth_getTransactionCount
[2024/03/05 22:26:28.540] - eth_getBalance
[2024/03/05 22:26:28.560] - eth_getTransactionCount
[2024/03/05 22:26:28.585] - eth_getBalance
[2024/03/05 22:26:28.611] - eth_getTransactionCount
[2024/03/05 22:26:28.648] - eth_getBalance
[2024/03/05 22:26:28.673] - eth_getTransactionCount
[2024/03/05 22:26:28.700] - eth_getBalance
[2024/03/05 22:26:28.729] - eth_getTransactionCount
[2024/03/05 22:26:28.750] - eth_getBalance
[2024/03/05 22:26:28.772] - eth_getTransactionCount
[2024/03/05 22:26:28.792] - eth_getBalance
[2024/03/05 22:26:28.817] - eth_getTransactionCount
[2024/03/05 22:26:32.143] - eth_getBlockByNumber
[2024/03/05 22:26:34.403] - eth_getTransactionReceipt
[2024/03/05 22:26:34.527] - eth_getBlockByNumber
[2024/03/05 22:26:34.626] - eth_getTransactionReceipt
[2024/03/05 22:26:34.738] - eth_getBlockByNumber
[2024/03/05 22:26:34.827] - eth_getTransactionReceipt
[2024/03/05 22:26:34.949] - eth_getBlockByNumber
[2024/03/05 22:26:35.029] - eth_getTransactionReceipt
[2024/03/05 22:26:35.143] - eth_getBlockByNumber
[2024/03/05 22:26:35.244] - eth_getTransactionReceipt
[2024/03/05 22:26:35.362] - eth_getBlockByNumber
[2024/03/05 22:26:35.462] - eth_getTransactionReceipt
[2024/03/05 22:26:35.625] - eth_getBlockByNumber
[2024/03/05 22:27:40.967] - eth_blockNumber
[2024/03/05 22:27:40.992] - net_version
[2024/03/05 22:27:40.999] - eth_accounts
[2024/03/05 22:27:41.053] - eth_getBlockByNumber
[2024/03/05 22:27:41.066] - eth_getCode
[2024/03/05 22:27:41.114] - eth_getBlockByNumber
[2024/03/05 22:27:41.124] - eth_getCode
[2024/03/05 22:27:41.141] - eth_getBlockByNumber
[2024/03/05 22:27:41.150] - eth_accounts
[2024/03/05 22:27:41.205] - eth_getBlockByNumber
[2024/03/05 22:27:41.218] - eth_getBlockByNumber
[2024/03/05 22:27:41.227] - eth_getBlockByNumber
[2024/03/05 22:27:41.237] - eth_estimateGas
[2024/03/05 22:27:41.335] - eth_getBlockByNumber
[2024/03/05 22:27:41.337] - eth_blockNumber
[2024/03/05 22:27:41.346] - eth_estimateGas
[2024/03/05 22:29:00.496] - eth_sendTransaction
[2024/03/05 22:29:00.533] - 
  Transaction: 0xfc4d25cca445954313d6e072c5e4e7b8e3fc9bbba8a45f2ca0e93bf1be35040c
  Gas usage: 21320
  Block number: 7
  Block time: Tue Mar 05 2024 22:29:00 GMT+0530 (India Standard Time)

[2024/03/05 22:29:00.550] - eth_getBlockByNumber
[2024/03/05 22:29:00.706] - eth_getBalance
[2024/03/05 22:29:00.959] - eth_getTransactionCount
[2024/03/05 22:29:01.050] - eth_getBalance
[2024/03/05 22:29:01.083] - eth_getTransactionCount
[2024/03/05 22:29:01.117] - eth_getBalance
[2024/03/05 22:29:01.145] - eth_getTransactionCount
[2024/03/05 22:29:01.175] - eth_getBalance
[2024/03/05 22:29:01.204] - eth_getTransactionCount
[2024/03/05 22:29:01.285] - eth_getBalance
[2024/03/05 22:29:01.334] - eth_getTransactionCount
[2024/03/05 22:29:01.365] - eth_getBalance
[2024/03/05 22:29:01.399] - eth_getTransactionCount
[2024/03/05 22:29:01.425] - eth_getBalance
[2024/03/05 22:29:01.448] - eth_getTransactionCount
[2024/03/05 22:29:01.467] - eth_getBalance
[2024/03/05 22:29:01.491] - eth_getTransactionCount
[2024/03/05 22:29:01.513] - eth_getBalance
[2024/03/05 22:29:01.540] - eth_getTransactionCount
[2024/03/05 22:29:01.557] - eth_getBalance
[2024/03/05 22:29:01.580] - eth_getTransactionCount
[2024/03/05 23:53:13.653] - eth_blockNumber
[2024/03/05 23:53:13.789] - net_version
[2024/03/05 23:53:13.826] - eth_getBlockByNumber
[2024/03/06 01:17:05.989] - eth_unsubscribe
[2024/03/06 01:17:05.991] - eth_unsubscribe
